<?xml version="1.0" encoding="UTF-8"?>
<robot generator="Robot 2.9 (Jython 2.7.0 on java1.8.0_60)" generated="20160123 11:15:08.564">
<suite source="C:\tic-tac-toe\acceptance\TicTacToeTests.txt" name="TicTacToeTests" id="s1">
<test name="Win Diagonally as X" id="s1-t1">
<kw name="Start New Game">
<msg level="FAIL" timestamp="20160123 11:15:08.839">No keyword with name 'Start New Game' found.</msg>
<status endtime="20160123 11:15:08.840" starttime="20160123 11:15:08.834" status="FAIL"></status>
</kw>
<status critical="yes" endtime="20160123 11:15:08.841" starttime="20160123 11:15:08.803" status="FAIL">No keyword with name 'Start New Game' found.</status>
</test>
<test name="Win Horizontally as O" id="s1-t2">
<kw name="Start New Game">
<msg level="FAIL" timestamp="20160123 11:15:08.855">No keyword with name 'Start New Game' found.</msg>
<status endtime="20160123 11:15:08.856" starttime="20160123 11:15:08.854" status="FAIL"></status>
</kw>
<status critical="yes" endtime="20160123 11:15:08.857" starttime="20160123 11:15:08.843" status="FAIL">No keyword with name 'Start New Game' found.</status>
</test>
<test name="Force a Tie" id="s1-t3">
<kw name="Start New Game">
<msg level="FAIL" timestamp="20160123 11:15:08.866">No keyword with name 'Start New Game' found.</msg>
<status endtime="20160123 11:15:08.867" starttime="20160123 11:15:08.866" status="FAIL"></status>
</kw>
<status critical="yes" endtime="20160123 11:15:08.868" starttime="20160123 11:15:08.858" status="FAIL">No keyword with name 'Start New Game' found.</status>
</test>
<status endtime="20160123 11:15:08.870" starttime="20160123 11:15:08.573" status="FAIL"></status>
</suite>
<statistics>
<total>
<stat pass="0" fail="3">Critical Tests</stat>
<stat pass="0" fail="3">All Tests</stat>
</total>
<tag>
</tag>
<suite>
<stat pass="0" fail="3" name="TicTacToeTests" id="s1">TicTacToeTests</stat>
</suite>
</statistics>
<errors>
<msg level="ERROR" timestamp="20160123 11:15:08.792">Error in file 'C:\tic-tac-toe\acceptance\TicTacToeTests.txt': Importing test library 'TicTacToeKeywords.jar' failed: NoClassDefFoundError: edu/jsu/mcis/TicTacToe
java.lang.NoClassDefFoundError: 
	at java.lang.ClassLoader.defineClass1(Native Method)
	at java.lang.ClassLoader.defineClass(Unknown Source)
	at java.security.SecureClassLoader.defineClass(Unknown Source)
	at java.net.URLClassLoader.defineClass(Unknown Source)
	at java.net.URLClassLoader.access$100(Unknown Source)
	at java.net.URLClassLoader$1.run(Unknown Source)
	at java.net.URLClassLoader$1.run(Unknown Source)
	at java.security.AccessController.doPrivileged(Native Method)
	at java.net.URLClassLoader.findClass(Unknown Source)
	at java.lang.ClassLoader.loadClass(Unknown Source)
	at sun.misc.Launcher$AppClassLoader.loadClass(Unknown Source)
	at java.lang.ClassLoader.loadClass(Unknown Source)
	at java.lang.ClassLoader.loadClass(Unknown Source)
	at java.lang.Class.forName0(Native Method)
	at java.lang.Class.forName(Unknown Source)
	at robot.utils.importer$py._import$13(/Users/jmalinen/Documents/workspace/robotframework/build/Lib/robot/utils/importer.py:155)
	at robot.utils.importer$py.call_function(/Users/jmalinen/Documents/workspace/robotframework/build/Lib/robot/utils/importer.py)
	at robot.utils.importer$py.import_$31(/Users/jmalinen/Documents/workspace/robotframework/build/Lib/robot/utils/importer.py:262)
	at robot.utils.importer$py.call_function(/Users/jmalinen/Documents/workspace/robotframework/build/Lib/robot/utils/importer.py)
	at robot.utils.importer$py._import_class_or_module$4(/Users/jmalinen/Documents/workspace/robotframework/build/Lib/robot/utils/importer.py:71)
	at robot.utils.importer$py.call_function(/Users/jmalinen/Documents/workspace/robotframework/build/Lib/robot/utils/importer.py)
	at robot.utils.importer$py.import_class_or_module$3(/Users/jmalinen/Documents/workspace/robotframework/build/Lib/robot/utils/importer.py:68)
	at robot.utils.importer$py.call_function(/Users/jmalinen/Documents/workspace/robotframework/build/Lib/robot/utils/importer.py)
	at robot.model.visitor$py.visit_suite$2(/Users/jmalinen/Documents/workspace/robotframework/build/Lib/robot/model/visitor.py:86)
	at robot.model.visitor$py.call_function(/Users/jmalinen/Documents/workspace/robotframework/build/Lib/robot/model/visitor.py)
	at robot.model.testsuite$py.visit$19(/Users/jmalinen/Documents/workspace/robotframework/build/Lib/robot/model/testsuite.py:150)
	at robot.model.testsuite$py.call_function(/Users/jmalinen/Documents/workspace/robotframework/build/Lib/robot/model/testsuite.py)
	at robot.run$py.main$3(/Users/jmalinen/Documents/workspace/robotframework/build/Lib/robot/run.py:442)
	at robot.run$py.call_function(/Users/jmalinen/Documents/workspace/robotframework/build/Lib/robot/run.py)
	at robot.utils.application$py._execute$10(/Users/jmalinen/Documents/workspace/robotframework/build/Lib/robot/utils/application.py:90)
	at robot.utils.application$py.call_function(/Users/jmalinen/Documents/workspace/robotframework/build/Lib/robot/utils/application.py)
	at robot.utils.application$py.execute_cli$5(/Users/jmalinen/Documents/workspace/robotframework/build/Lib/robot/utils/application.py:45)
	at robot.utils.application$py.call_function(/Users/jmalinen/Documents/workspace/robotframework/build/Lib/robot/utils/application.py)
	at robot.run$py.run_cli$7(/Users/jmalinen/Documents/workspace/robotframework/build/Lib/robot/run.py:467)
	at robot.run$py.call_function(/Users/jmalinen/Documents/workspace/robotframework/build/Lib/robot/run.py)
	at robot.jarrunner$py._run$3(/Users/jmalinen/Documents/workspace/robotframework/build/Lib/robot/jarrunner.py:60)
	at robot.jarrunner$py.call_function(/Users/jmalinen/Documents/workspace/robotframework/build/Lib/robot/jarrunner.py)
	at robot.jarrunner$py.run$2(/Users/jmalinen/Documents/workspace/robotframework/build/Lib/robot/jarrunner.py:53)
	at robot.jarrunner$py.call_function(/Users/jmalinen/Documents/workspace/robotframework/build/Lib/robot/jarrunner.py)
	at org.robotframework.RobotFramework.run(RobotFramework.java:63)
	at org.robotframework.RobotFramework.main(RobotFramework.java:37)
Caused by: java.lang.ClassNotFoundException: edu.jsu.mcis.TicTacToe
	at java.net.URLClassLoader.findClass(Unknown Source)
	at java.lang.ClassLoader.loadClass(Unknown Source)
	at sun.misc.Launcher$AppClassLoader.loadClass(Unknown Source)
	at java.lang.ClassLoader.loadClass(Unknown Source)
	... 180 more
PYTHONPATH:
  C:\RobotFrameWork\Lib
  C:\RobotFrameWork\robotframework-2.9.jar\Lib
  __classpath__
  __pyclasspath__/
CLASSPATH:
  C:\tic-tac-toe\acceptance\TicTacToeKeywords.jar
  C:\RobotFrameWork\robotframework-2.9.jar</msg>
</errors>
</robot>
